Arguments: 
  D:\Program Files\nodejs\node.exe C:\Users\CJH\AppData\Roaming\npm\node_modules\yarn\bin\yarn.js add webpack-dev-server --dev

PATH: 
  C:\Program Files (x86)\Intel\iCLS Client\;C:\Program Files\Intel\iCLS Client\;C:\Windows\system32;C:\Windows;C:\Windows\System32\Wbem;C:\Windows\System32\WindowsPowerShell\v1.0\;C:\Program Files (x86)\Common Files\lenovo\easyplussdk\bin;C:\Program Files (x86)\NVIDIA Corporation\PhysX\Common;C:\Program Files (x86)\Intel\Intel(R) Management Engine Components\DAL;C:\Program Files\Intel\Intel(R) Management Engine Components\DAL;C:\Program Files (x86)\Intel\Intel(R) Management Engine Components\IPT;C:\Program Files\Intel\Intel(R) Management Engine Components\IPT;d:\Program Files\Git\cmd;C:\Users\CJH\AppData\Roaming\npm;C:\Program Files (x86)\Common Files\NetSarang;;C:\Python27;C:\WINDOWS\system32;C:\WINDOWS;C:\WINDOWS\System32\Wbem;C:\WINDOWS\System32\WindowsPowerShell\v1.0\;C:\Program Files\TortoiseSVN\bin;C:\Program Files\Intel\WiFi\bin\;C:\Program Files\Common Files\Intel\WirelessCommon\;D:\Program Files\nodejs\;C:\Ruby22\bin;C:\Users\CJH\AppData\Local\Microsoft\WindowsApps;d:\Program Files (x86)\SSH Communications Security\SSH Secure Shell;C:\Users\CJH\AppData\Local\atom\bin;C:\Users\CJH\AppData\Roaming\npm;d:\Program Files (x86)\Microsoft VS Code\bin;C:\Users\CJH\AppData\Local\Microsoft\WindowsApps;

Yarn version: 
  0.22.0

Node version: 
  6.10.0

Platform: 
  win32 x64

npm manifest: 
  No manifest

yarn manifest: 
  No manifest

Lockfile: 
  No lockfile

Trace: 
  Error: read ECONNRESET
      at exports._errnoException (util.js:1022:11)
      at TLSWrap.onread (net.js:569:26)
